2018-05-17T06:27:40.875Z - info:   [08148] *** FOLDER: c:\D\Demos\Angular4\multiplemodules ***
2018-05-17T06:27:40.878Z - info:   [08148] VSTSVSCode/1.133.0 (VSCode 1.23.0; Windows_NT 10.0.14393; Node 7.9.0)
2018-05-17T06:27:40.880Z - debug:  [08148] Looking for an External Context at c:\D\Demos\Angular4\multiplemodules
2018-05-17T06:27:40.880Z - debug:  [08148] No External Context at c:\D\Demos\Angular4\multiplemodules
2018-05-17T06:27:40.885Z - debug:  [08148] Looking for TFVC repository at c:\D\Demos\Angular4\multiplemodules
2018-05-17T06:27:40.886Z - debug:  [08148] TFVC Creating Tfvc object with localPath='undefined'
2018-05-17T06:27:40.887Z - debug:  [08148] Using TFS proxy: 
2018-05-17T06:27:40.887Z - debug:  [08148] TFVC Retrieved from settings; localPath='C:\Program Files (x86)\Microsoft Visual Studio 14.0\Common7\IDE\TF.exe'
2018-05-17T06:27:40.888Z - debug:  [08148] TFVC Repository created with repositoryRootFolder='c:\D\Demos\Angular4\multiplemodules'
2018-05-17T06:27:40.890Z - debug:  [08148] TFVC Repository.CheckVersion
2018-05-17T06:27:40.893Z - debug:  [08148] TFVC: tf add -noprompt -?
2018-05-17T06:27:40.903Z - debug:  [08148] TFVC: spawned new process (duration: 9ms)
2018-05-17T06:27:40.922Z - debug:  [08148] TFVC: spawned new process (duration: 18ms)
2018-05-17T06:27:41.427Z - debug:  [08148] TFVC: add exit code: 0 (duration: 533ms)
2018-05-17T06:27:41.429Z - debug:  [08148] TFVC Minimum required version: 14.102.0
2018-05-17T06:27:41.429Z - debug:  [08148] TFVC (TF.exe, TF.cmd) version: 14.102.25619.0
2018-05-17T06:27:41.430Z - debug:  [08148] TFVC Repository.FindWorkspace with localPath='c:\D\Demos\Angular4\multiplemodules'
2018-05-17T06:27:41.431Z - debug:  [08148] TFVC: tf workfold -noprompt ********
2018-05-17T06:27:41.445Z - debug:  [08148] TFVC: spawned new process (duration: 13ms)
2018-05-17T06:27:43.969Z - debug:  [08148] TFVC: workfold exit code: 100 (duration: 2538ms)
2018-05-17T06:27:43.984Z - debug:  [08148] TFVC errors (via stderr): TF30063: You are not authorized to access tmpcmamva02\CMAS.

2018-05-17T06:27:43.984Z - error:  [08148] It appears you are using a Server workspace. Currently, TFVC support is limited to Local workspaces.
2018-05-18T03:59:01.338Z - info:   [12384] *** FOLDER: c:\D\Demos\Angular4\multiplemodules ***
2018-05-18T03:59:01.338Z - info:   [12384] VSTSVSCode/1.133.0 (VSCode 1.23.0; Windows_NT 10.0.14393; Node 7.9.0)
2018-05-18T03:59:01.338Z - debug:  [12384] Looking for an External Context at c:\D\Demos\Angular4\multiplemodules
2018-05-18T03:59:01.338Z - debug:  [12384] No External Context at c:\D\Demos\Angular4\multiplemodules
2018-05-18T03:59:01.338Z - debug:  [12384] Looking for TFVC repository at c:\D\Demos\Angular4\multiplemodules
2018-05-18T03:59:01.338Z - debug:  [12384] TFVC Creating Tfvc object with localPath='undefined'
2018-05-18T03:59:01.338Z - debug:  [12384] Using TFS proxy: 
2018-05-18T03:59:01.338Z - debug:  [12384] TFVC Retrieved from settings; localPath='C:\Program Files (x86)\Microsoft Visual Studio 14.0\Common7\IDE\TF.exe'
2018-05-18T03:59:01.338Z - debug:  [12384] TFVC Repository created with repositoryRootFolder='c:\D\Demos\Angular4\multiplemodules'
2018-05-18T03:59:01.354Z - debug:  [12384] TFVC Repository.CheckVersion
2018-05-18T03:59:01.354Z - debug:  [12384] TFVC: tf add -noprompt -?
2018-05-18T03:59:01.370Z - debug:  [12384] TFVC: spawned new process (duration: 16ms)
2018-05-18T03:59:01.385Z - debug:  [12384] TFVC: spawned new process (duration: 15ms)
2018-05-18T03:59:01.803Z - debug:  [12384] TFVC: add exit code: 0 (duration: 449ms)
2018-05-18T03:59:01.803Z - debug:  [12384] TFVC Minimum required version: 14.102.0
2018-05-18T03:59:01.803Z - debug:  [12384] TFVC (TF.exe, TF.cmd) version: 14.102.25619.0
2018-05-18T03:59:01.803Z - debug:  [12384] TFVC Repository.FindWorkspace with localPath='c:\D\Demos\Angular4\multiplemodules'
2018-05-18T03:59:01.803Z - debug:  [12384] TFVC: tf workfold -noprompt ********
2018-05-18T03:59:01.818Z - debug:  [12384] TFVC: spawned new process (duration: 15ms)
2018-05-18T03:59:04.591Z - debug:  [12384] TFVC: workfold exit code: 100 (duration: 2788ms)
2018-05-18T03:59:04.591Z - debug:  [12384] TFVC errors (via stderr): TF30063: You are not authorized to access tmpcmamva02\CMAS.

2018-05-18T03:59:04.606Z - error:  [12384] It appears you are using a Server workspace. Currently, TFVC support is limited to Local workspaces.
2018-05-18T04:28:04.459Z - debug:  [12384] Reinitializing due to onDidChangeConfiguration
2018-05-18T04:28:04.463Z - debug:  [12384] Polling interval value (minutes): 5
2018-05-18T04:28:04.473Z - info:   [12384] *** FOLDER: c:\D\Demos\Angular4\multiplemodules ***
2018-05-18T04:28:04.473Z - info:   [12384] VSTSVSCode/1.133.0 (VSCode 1.23.0; Windows_NT 10.0.14393; Node 7.9.0)
2018-05-18T04:28:04.475Z - debug:  [12384] Looking for an External Context at c:\D\Demos\Angular4\multiplemodules
2018-05-18T04:28:04.475Z - debug:  [12384] No External Context at c:\D\Demos\Angular4\multiplemodules
2018-05-18T04:28:04.495Z - debug:  [12384] Looking for TFVC repository at c:\D\Demos\Angular4\multiplemodules
2018-05-18T04:28:04.496Z - debug:  [12384] TFVC Creating Tfvc object with localPath='undefined'
2018-05-18T04:28:04.497Z - debug:  [12384] Using TFS proxy: 
2018-05-18T04:28:04.497Z - debug:  [12384] TFVC Retrieved from settings; localPath='C:\Program Files (x86)\Microsoft Visual Studio 14.0\Common7\IDE\TF.exe'
2018-05-18T04:28:04.498Z - debug:  [12384] TFVC Repository created with repositoryRootFolder='c:\D\Demos\Angular4\multiplemodules'
2018-05-18T04:28:04.499Z - debug:  [12384] TFVC Repository.CheckVersion
2018-05-18T04:28:04.501Z - debug:  [12384] TFVC: tf add -noprompt -?
2018-05-18T04:28:04.516Z - debug:  [12384] TFVC: spawned new process (duration: 13ms)
2018-05-18T04:28:04.688Z - debug:  [12384] TFVC: add exit code: 0 (duration: 186ms)
2018-05-18T04:28:04.690Z - debug:  [12384] TFVC Minimum required version: 14.102.0
2018-05-18T04:28:04.690Z - debug:  [12384] TFVC (TF.exe, TF.cmd) version: 14.102.25619.0
2018-05-18T04:28:04.691Z - debug:  [12384] TFVC Repository.FindWorkspace with localPath='c:\D\Demos\Angular4\multiplemodules'
2018-05-18T04:28:04.691Z - debug:  [12384] TFVC: tf workfold -noprompt ********
2018-05-18T04:28:04.705Z - debug:  [12384] TFVC: spawned new process (duration: 13ms)
2018-05-18T04:28:07.378Z - debug:  [12384] TFVC: workfold exit code: 100 (duration: 2686ms)
2018-05-18T04:28:07.378Z - debug:  [12384] TFVC errors (via stderr): TF30063: You are not authorized to access tmpcmamva02\CMAS.

2018-05-18T04:28:07.378Z - error:  [12384] It appears you are using a Server workspace. Currently, TFVC support is limited to Local workspaces.
2018-05-18T04:28:12.659Z - debug:  [12384] Reinitializing due to onDidChangeConfiguration
2018-05-18T04:28:12.660Z - debug:  [12384] Polling interval value (minutes): 5
2018-05-18T04:28:12.666Z - info:   [12384] *** FOLDER: c:\D\Demos\Angular4\multiplemodules ***
2018-05-18T04:28:12.666Z - info:   [12384] VSTSVSCode/1.133.0 (VSCode 1.23.0; Windows_NT 10.0.14393; Node 7.9.0)
2018-05-18T04:28:12.670Z - debug:  [12384] Looking for an External Context at c:\D\Demos\Angular4\multiplemodules
2018-05-18T04:28:12.670Z - debug:  [12384] No External Context at c:\D\Demos\Angular4\multiplemodules
2018-05-18T04:28:12.681Z - debug:  [12384] Looking for TFVC repository at c:\D\Demos\Angular4\multiplemodules
2018-05-18T04:28:12.681Z - debug:  [12384] TFVC Creating Tfvc object with localPath='undefined'
2018-05-18T04:28:12.683Z - debug:  [12384] Using TFS proxy: 
2018-05-18T04:28:12.683Z - debug:  [12384] TFVC Retrieved from settings; localPath='C:\Program Files (x86)\Microsoft Visual Studio 14.0\Common7\IDE\TF.exe'
2018-05-18T04:28:12.685Z - debug:  [12384] TFVC Repository created with repositoryRootFolder='c:\D\Demos\Angular4\multiplemodules'
2018-05-18T04:28:12.688Z - debug:  [12384] TFVC Repository.CheckVersion
2018-05-18T04:28:12.688Z - debug:  [12384] TFVC: tf add -noprompt -?
2018-05-18T04:28:12.705Z - debug:  [12384] TFVC: spawned new process (duration: 14ms)
2018-05-18T04:28:12.798Z - debug:  [12384] TFVC: add exit code: 0 (duration: 110ms)
2018-05-18T04:28:12.798Z - debug:  [12384] TFVC Minimum required version: 14.102.0
2018-05-18T04:28:12.798Z - debug:  [12384] TFVC (TF.exe, TF.cmd) version: 14.102.25619.0
2018-05-18T04:28:12.799Z - debug:  [12384] TFVC Repository.FindWorkspace with localPath='c:\D\Demos\Angular4\multiplemodules'
2018-05-18T04:28:12.799Z - debug:  [12384] TFVC: tf workfold -noprompt ********
2018-05-18T04:28:12.811Z - debug:  [12384] TFVC: spawned new process (duration: 12ms)
2018-05-18T04:28:15.401Z - debug:  [12384] TFVC: workfold exit code: 100 (duration: 2602ms)
2018-05-18T04:28:15.401Z - debug:  [12384] TFVC errors (via stderr): TF30063: You are not authorized to access tmpcmamva02\CMAS.

2018-05-18T04:28:15.401Z - error:  [12384] It appears you are using a Server workspace. Currently, TFVC support is limited to Local workspaces.
2018-05-23T06:52:20.651Z - info:   [12188] *** FOLDER: c:\D\Demos\Angular4\multiplemodules ***
2018-05-23T06:52:20.654Z - info:   [12188] VSTSVSCode/1.133.0 (VSCode 1.23.1; Windows_NT 10.0.14393; Node 7.9.0)
2018-05-23T06:52:20.656Z - debug:  [12188] Looking for an External Context at c:\D\Demos\Angular4\multiplemodules
2018-05-23T06:52:20.656Z - debug:  [12188] No External Context at c:\D\Demos\Angular4\multiplemodules
2018-05-23T06:52:20.661Z - debug:  [12188] Looking for TFVC repository at c:\D\Demos\Angular4\multiplemodules
2018-05-23T06:52:20.661Z - debug:  [12188] TFVC Creating Tfvc object with localPath='undefined'
2018-05-23T06:52:20.663Z - debug:  [12188] Using TFS proxy: 
2018-05-23T06:52:20.663Z - debug:  [12188] TFVC Retrieved from settings; localPath='C:\Program Files (x86)\Microsoft Visual Studio 14.0\Common7\IDE\TF.exe'
2018-05-23T06:52:20.664Z - debug:  [12188] TFVC Repository created with repositoryRootFolder='c:\D\Demos\Angular4\multiplemodules'
2018-05-23T06:52:20.665Z - debug:  [12188] TFVC Repository.CheckVersion
2018-05-23T06:52:20.667Z - debug:  [12188] TFVC: tf add -noprompt -?
2018-05-23T06:52:20.700Z - debug:  [12188] TFVC: spawned new process (duration: 31ms)
2018-05-23T06:52:20.794Z - debug:  [12188] TFVC: spawned new process (duration: 92ms)
2018-05-23T06:52:21.656Z - debug:  [12188] TFVC: add exit code: 0 (duration: 988ms)
2018-05-23T06:52:21.658Z - debug:  [12188] TFVC Minimum required version: 14.102.0
2018-05-23T06:52:21.658Z - debug:  [12188] TFVC (TF.exe, TF.cmd) version: 14.102.25619.0
2018-05-23T06:52:21.659Z - debug:  [12188] TFVC Repository.FindWorkspace with localPath='c:\D\Demos\Angular4\multiplemodules'
2018-05-23T06:52:21.660Z - debug:  [12188] TFVC: tf workfold -noprompt ********
2018-05-23T06:52:21.671Z - debug:  [12188] TFVC: spawned new process (duration: 11ms)
2018-05-23T06:52:25.737Z - debug:  [12188] TFVC: workfold exit code: 100 (duration: 4077ms)
2018-05-23T06:52:25.739Z - debug:  [12188] TFVC errors (via stderr): TF30063: You are not authorized to access tmpcmamva02\CMAS.

2018-05-23T06:52:25.740Z - error:  [12188] It appears you are using a Server workspace. Currently, TFVC support is limited to Local workspaces.
2018-05-24T05:40:08.532Z - info:   [06432] *** FOLDER: c:\D\Demos\Angular4\multiplemodules ***
2018-05-24T05:40:08.532Z - info:   [06432] VSTSVSCode/1.133.0 (VSCode 1.23.1; Windows_NT 10.0.14393; Node 7.9.0)
2018-05-24T05:40:08.547Z - debug:  [06432] Looking for an External Context at c:\D\Demos\Angular4\multiplemodules
2018-05-24T05:40:08.547Z - debug:  [06432] No External Context at c:\D\Demos\Angular4\multiplemodules
2018-05-24T05:40:08.547Z - debug:  [06432] Looking for TFVC repository at c:\D\Demos\Angular4\multiplemodules
2018-05-24T05:40:08.547Z - debug:  [06432] TFVC Creating Tfvc object with localPath='undefined'
2018-05-24T05:40:08.547Z - debug:  [06432] Using TFS proxy: 
2018-05-24T05:40:08.547Z - debug:  [06432] TFVC Retrieved from settings; localPath='C:\Program Files (x86)\Microsoft Visual Studio 14.0\Common7\IDE\TF.exe'
2018-05-24T05:40:08.547Z - debug:  [06432] TFVC Repository created with repositoryRootFolder='c:\D\Demos\Angular4\multiplemodules'
2018-05-24T05:40:08.547Z - debug:  [06432] TFVC Repository.CheckVersion
2018-05-24T05:40:08.564Z - debug:  [06432] TFVC: tf add -noprompt -?
2018-05-24T05:40:08.594Z - debug:  [06432] TFVC: spawned new process (duration: 29ms)
2018-05-24T05:40:08.641Z - debug:  [06432] TFVC: spawned new process (duration: 47ms)
2018-05-24T05:40:09.128Z - debug:  [06432] TFVC: add exit code: 0 (duration: 564ms)
2018-05-24T05:40:09.144Z - debug:  [06432] TFVC Minimum required version: 14.102.0
2018-05-24T05:40:09.144Z - debug:  [06432] TFVC (TF.exe, TF.cmd) version: 14.102.25619.0
2018-05-24T05:40:09.144Z - debug:  [06432] TFVC Repository.FindWorkspace with localPath='c:\D\Demos\Angular4\multiplemodules'
2018-05-24T05:40:09.144Z - debug:  [06432] TFVC: tf workfold -noprompt ********
2018-05-24T05:40:09.144Z - debug:  [06432] TFVC: spawned new process (duration: 0ms)
2018-05-24T05:40:12.506Z - debug:  [06432] TFVC: workfold exit code: 100 (duration: 3362ms)
2018-05-24T05:40:12.508Z - debug:  [06432] TFVC errors (via stderr): TF30063: You are not authorized to access tmpcmamva02\CMAS.

2018-05-24T05:40:12.508Z - error:  [06432] It appears you are using a Server workspace. Currently, TFVC support is limited to Local workspaces.
2018-05-25T07:20:58.284Z - info:   [16480] *** FOLDER: c:\D\Demos\Angular4\multiplemodules ***
2018-05-25T07:20:58.286Z - info:   [16480] VSTSVSCode/1.133.0 (VSCode 1.23.1; Windows_NT 10.0.14393; Node 7.9.0)
2018-05-25T07:20:58.289Z - debug:  [16480] Looking for an External Context at c:\D\Demos\Angular4\multiplemodules
2018-05-25T07:20:58.289Z - debug:  [16480] No External Context at c:\D\Demos\Angular4\multiplemodules
2018-05-25T07:20:58.293Z - debug:  [16480] Looking for TFVC repository at c:\D\Demos\Angular4\multiplemodules
2018-05-25T07:20:58.294Z - debug:  [16480] TFVC Creating Tfvc object with localPath='undefined'
2018-05-25T07:20:58.294Z - debug:  [16480] Using TFS proxy: 
2018-05-25T07:20:58.295Z - debug:  [16480] TFVC Retrieved from settings; localPath='C:\Program Files (x86)\Microsoft Visual Studio 14.0\Common7\IDE\TF.exe'
2018-05-25T07:20:58.296Z - debug:  [16480] TFVC Repository created with repositoryRootFolder='c:\D\Demos\Angular4\multiplemodules'
2018-05-25T07:20:58.297Z - debug:  [16480] TFVC Repository.CheckVersion
2018-05-25T07:20:58.298Z - debug:  [16480] TFVC: tf add -noprompt -?
2018-05-25T07:20:58.338Z - debug:  [16480] TFVC: spawned new process (duration: 32ms)
2018-05-25T07:20:58.364Z - debug:  [16480] TFVC: spawned new process (duration: 26ms)
2018-05-25T07:20:58.935Z - debug:  [16480] TFVC: add exit code: 0 (duration: 637ms)
2018-05-25T07:20:58.938Z - debug:  [16480] TFVC Minimum required version: 14.102.0
2018-05-25T07:20:58.938Z - debug:  [16480] TFVC (TF.exe, TF.cmd) version: 14.102.25619.0
2018-05-25T07:20:58.939Z - debug:  [16480] TFVC Repository.FindWorkspace with localPath='c:\D\Demos\Angular4\multiplemodules'
2018-05-25T07:20:58.940Z - debug:  [16480] TFVC: tf workfold -noprompt ********
2018-05-25T07:20:58.951Z - debug:  [16480] TFVC: spawned new process (duration: 11ms)
2018-05-25T07:21:02.486Z - debug:  [16480] TFVC: workfold exit code: 100 (duration: 3546ms)
2018-05-25T07:21:02.488Z - debug:  [16480] TFVC errors (via stderr): TF30063: You are not authorized to access tmpcmamva02\CMAS.

2018-05-25T07:21:02.488Z - error:  [16480] It appears you are using a Server workspace. Currently, TFVC support is limited to Local workspaces.
